<?xml version="1.0" encoding="UTF-8"?>
<testsuite xmlns:xsi="http://www.w3.org/2001/XMLSchema-instance" xsi:noNamespaceSchemaLocation="https://maven.apache.org/surefire/maven-surefire-plugin/xsd/surefire-test-report-3.0.xsd" version="3.0" name="com.apple.springboot.SpringbootApplicationTests" time="21.509" tests="1" errors="0" skipped="0" failures="0">
  <properties>
    <property name="java.specification.version" value="21"/>
    <property name="sun.jnu.encoding" value="UTF-8"/>
    <property name="java.class.path" value="/Users/darshanchipade/Documents/GitHub/springboot-multisource/target/test-classes:/Users/darshanchipade/Documents/GitHub/springboot-multisource/target/classes:/Users/darshanchipade/.m2/repository/software/amazon/awssdk/bedrockruntime/2.31.47/bedrockruntime-2.31.47.jar:/Users/darshanchipade/.m2/repository/software/amazon/awssdk/protocol-core/2.31.47/protocol-core-2.31.47.jar:/Users/darshanchipade/.m2/repository/software/amazon/awssdk/aws-json-protocol/2.31.47/aws-json-protocol-2.31.47.jar:/Users/darshanchipade/.m2/repository/software/amazon/awssdk/third-party-jackson-core/2.31.47/third-party-jackson-core-2.31.47.jar:/Users/darshanchipade/.m2/repository/software/amazon/awssdk/http-auth-aws/2.31.47/http-auth-aws-2.31.47.jar:/Users/darshanchipade/.m2/repository/software/amazon/awssdk/sdk-core/2.31.47/sdk-core-2.31.47.jar:/Users/darshanchipade/.m2/repository/software/amazon/awssdk/retries/2.31.47/retries-2.31.47.jar:/Users/darshanchipade/.m2/repository/org/reactivestreams/reactive-streams/1.0.4/reactive-streams-1.0.4.jar:/Users/darshanchipade/.m2/repository/software/amazon/awssdk/http-auth-spi/2.31.47/http-auth-spi-2.31.47.jar:/Users/darshanchipade/.m2/repository/software/amazon/awssdk/http-auth/2.31.47/http-auth-2.31.47.jar:/Users/darshanchipade/.m2/repository/software/amazon/awssdk/identity-spi/2.31.47/identity-spi-2.31.47.jar:/Users/darshanchipade/.m2/repository/software/amazon/awssdk/http-client-spi/2.31.47/http-client-spi-2.31.47.jar:/Users/darshanchipade/.m2/repository/software/amazon/awssdk/annotations/2.31.47/annotations-2.31.47.jar:/Users/darshanchipade/.m2/repository/software/amazon/awssdk/utils/2.31.47/utils-2.31.47.jar:/Users/darshanchipade/.m2/repository/software/amazon/awssdk/aws-core/2.31.47/aws-core-2.31.47.jar:/Users/darshanchipade/.m2/repository/software/amazon/awssdk/metrics-spi/2.31.47/metrics-spi-2.31.47.jar:/Users/darshanchipade/.m2/repository/software/amazon/awssdk/json-utils/2.31.47/json-utils-2.31.47.jar:/Users/darshanchipade/.m2/repository/software/amazon/awssdk/endpoints-spi/2.31.47/endpoints-spi-2.31.47.jar:/Users/darshanchipade/.m2/repository/software/amazon/awssdk/retries-spi/2.31.47/retries-spi-2.31.47.jar:/Users/darshanchipade/.m2/repository/software/amazon/awssdk/apache-client/2.31.47/apache-client-2.31.47.jar:/Users/darshanchipade/.m2/repository/org/apache/httpcomponents/httpclient/4.5.13/httpclient-4.5.13.jar:/Users/darshanchipade/.m2/repository/commons-logging/commons-logging/1.2/commons-logging-1.2.jar:/Users/darshanchipade/.m2/repository/org/apache/httpcomponents/httpcore/4.4.16/httpcore-4.4.16.jar:/Users/darshanchipade/.m2/repository/commons-codec/commons-codec/1.17.2/commons-codec-1.17.2.jar:/Users/darshanchipade/.m2/repository/software/amazon/awssdk/netty-nio-client/2.31.47/netty-nio-client-2.31.47.jar:/Users/darshanchipade/.m2/repository/io/netty/netty-codec-http/4.1.119.Final/netty-codec-http-4.1.119.Final.jar:/Users/darshanchipade/.m2/repository/io/netty/netty-codec-http2/4.1.119.Final/netty-codec-http2-4.1.119.Final.jar:/Users/darshanchipade/.m2/repository/io/netty/netty-codec/4.1.119.Final/netty-codec-4.1.119.Final.jar:/Users/darshanchipade/.m2/repository/io/netty/netty-transport/4.1.119.Final/netty-transport-4.1.119.Final.jar:/Users/darshanchipade/.m2/repository/io/netty/netty-common/4.1.119.Final/netty-common-4.1.119.Final.jar:/Users/darshanchipade/.m2/repository/io/netty/netty-buffer/4.1.119.Final/netty-buffer-4.1.119.Final.jar:/Users/darshanchipade/.m2/repository/io/netty/netty-handler/4.1.119.Final/netty-handler-4.1.119.Final.jar:/Users/darshanchipade/.m2/repository/io/netty/netty-transport-native-unix-common/4.1.119.Final/netty-transport-native-unix-common-4.1.119.Final.jar:/Users/darshanchipade/.m2/repository/io/netty/netty-transport-classes-epoll/4.1.119.Final/netty-transport-classes-epoll-4.1.119.Final.jar:/Users/darshanchipade/.m2/repository/io/netty/netty-resolver/4.1.119.Final/netty-resolver-4.1.119.Final.jar:/Users/darshanchipade/.m2/repository/software/amazon/awssdk/s3/2.31.47/s3-2.31.47.jar:/Users/darshanchipade/.m2/repository/software/amazon/awssdk/aws-xml-protocol/2.31.47/aws-xml-protocol-2.31.47.jar:/Users/darshanchipade/.m2/repository/software/amazon/awssdk/aws-query-protocol/2.31.47/aws-query-protocol-2.31.47.jar:/Users/darshanchipade/.m2/repository/software/amazon/awssdk/arns/2.31.47/arns-2.31.47.jar:/Users/darshanchipade/.m2/repository/software/amazon/awssdk/profiles/2.31.47/profiles-2.31.47.jar:/Users/darshanchipade/.m2/repository/software/amazon/awssdk/crt-core/2.31.47/crt-core-2.31.47.jar:/Users/darshanchipade/.m2/repository/software/amazon/awssdk/checksums/2.31.47/checksums-2.31.47.jar:/Users/darshanchipade/.m2/repository/software/amazon/awssdk/checksums-spi/2.31.47/checksums-spi-2.31.47.jar:/Users/darshanchipade/.m2/repository/software/amazon/awssdk/auth/2.31.47/auth-2.31.47.jar:/Users/darshanchipade/.m2/repository/software/amazon/awssdk/http-auth-aws-eventstream/2.31.47/http-auth-aws-eventstream-2.31.47.jar:/Users/darshanchipade/.m2/repository/software/amazon/eventstream/eventstream/1.0.1/eventstream-1.0.1.jar:/Users/darshanchipade/.m2/repository/software/amazon/awssdk/regions/2.31.47/regions-2.31.47.jar:/Users/darshanchipade/.m2/repository/org/slf4j/slf4j-api/2.0.17/slf4j-api-2.0.17.jar:/Users/darshanchipade/.m2/repository/org/springframework/boot/spring-boot-starter-batch/3.4.5/spring-boot-starter-batch-3.4.5.jar:/Users/darshanchipade/.m2/repository/org/springframework/boot/spring-boot-starter/3.4.5/spring-boot-starter-3.4.5.jar:/Users/darshanchipade/.m2/repository/org/springframework/boot/spring-boot/3.4.5/spring-boot-3.4.5.jar:/Users/darshanchipade/.m2/repository/org/springframework/boot/spring-boot-autoconfigure/3.4.5/spring-boot-autoconfigure-3.4.5.jar:/Users/darshanchipade/.m2/repository/org/springframework/boot/spring-boot-starter-logging/3.4.5/spring-boot-starter-logging-3.4.5.jar:/Users/darshanchipade/.m2/repository/ch/qos/logback/logback-classic/1.5.18/logback-classic-1.5.18.jar:/Users/darshanchipade/.m2/repository/ch/qos/logback/logback-core/1.5.18/logback-core-1.5.18.jar:/Users/darshanchipade/.m2/repository/org/apache/logging/log4j/log4j-to-slf4j/2.24.3/log4j-to-slf4j-2.24.3.jar:/Users/darshanchipade/.m2/repository/org/apache/logging/log4j/log4j-api/2.24.3/log4j-api-2.24.3.jar:/Users/darshanchipade/.m2/repository/org/slf4j/jul-to-slf4j/2.0.17/jul-to-slf4j-2.0.17.jar:/Users/darshanchipade/.m2/repository/jakarta/annotation/jakarta.annotation-api/2.1.1/jakarta.annotation-api-2.1.1.jar:/Users/darshanchipade/.m2/repository/org/yaml/snakeyaml/2.3/snakeyaml-2.3.jar:/Users/darshanchipade/.m2/repository/org/springframework/boot/spring-boot-starter-jdbc/3.4.5/spring-boot-starter-jdbc-3.4.5.jar:/Users/darshanchipade/.m2/repository/com/zaxxer/HikariCP/5.1.0/HikariCP-5.1.0.jar:/Users/darshanchipade/.m2/repository/org/springframework/batch/spring-batch-core/5.2.2/spring-batch-core-5.2.2.jar:/Users/darshanchipade/.m2/repository/org/springframework/batch/spring-batch-infrastructure/5.2.2/spring-batch-infrastructure-5.2.2.jar:/Users/darshanchipade/.m2/repository/org/springframework/spring-beans/6.2.6/spring-beans-6.2.6.jar:/Users/darshanchipade/.m2/repository/org/springframework/spring-tx/6.2.6/spring-tx-6.2.6.jar:/Users/darshanchipade/.m2/repository/io/micrometer/micrometer-core/1.14.6/micrometer-core-1.14.6.jar:/Users/darshanchipade/.m2/repository/org/hdrhistogram/HdrHistogram/2.2.2/HdrHistogram-2.2.2.jar:/Users/darshanchipade/.m2/repository/org/latencyutils/LatencyUtils/2.0.3/LatencyUtils-2.0.3.jar:/Users/darshanchipade/.m2/repository/org/springframework/data/spring-data-commons/3.4.5/spring-data-commons-3.4.5.jar:/Users/darshanchipade/.m2/repository/org/springframework/boot/spring-boot-starter-data-jpa/3.4.5/spring-boot-starter-data-jpa-3.4.5.jar:/Users/darshanchipade/.m2/repository/org/hibernate/orm/hibernate-core/6.6.13.Final/hibernate-core-6.6.13.Final.jar:/Users/darshanchipade/.m2/repository/jakarta/persistence/jakarta.persistence-api/3.1.0/jakarta.persistence-api-3.1.0.jar:/Users/darshanchipade/.m2/repository/jakarta/transaction/jakarta.transaction-api/2.0.1/jakarta.transaction-api-2.0.1.jar:/Users/darshanchipade/.m2/repository/org/hibernate/common/hibernate-commons-annotations/7.0.3.Final/hibernate-commons-annotations-7.0.3.Final.jar:/Users/darshanchipade/.m2/repository/io/smallrye/jandex/3.2.0/jandex-3.2.0.jar:/Users/darshanchipade/.m2/repository/com/fasterxml/classmate/1.7.0/classmate-1.7.0.jar:/Users/darshanchipade/.m2/repository/net/bytebuddy/byte-buddy/1.15.11/byte-buddy-1.15.11.jar:/Users/darshanchipade/.m2/repository/org/glassfish/jaxb/jaxb-runtime/4.0.5/jaxb-runtime-4.0.5.jar:/Users/darshanchipade/.m2/repository/org/glassfish/jaxb/jaxb-core/4.0.5/jaxb-core-4.0.5.jar:/Users/darshanchipade/.m2/repository/org/eclipse/angus/angus-activation/2.0.2/angus-activation-2.0.2.jar:/Users/darshanchipade/.m2/repository/org/glassfish/jaxb/txw2/4.0.5/txw2-4.0.5.jar:/Users/darshanchipade/.m2/repository/com/sun/istack/istack-commons-runtime/4.1.2/istack-commons-runtime-4.1.2.jar:/Users/darshanchipade/.m2/repository/jakarta/inject/jakarta.inject-api/2.0.1/jakarta.inject-api-2.0.1.jar:/Users/darshanchipade/.m2/repository/org/antlr/antlr4-runtime/4.13.0/antlr4-runtime-4.13.0.jar:/Users/darshanchipade/.m2/repository/org/springframework/data/spring-data-jpa/3.4.5/spring-data-jpa-3.4.5.jar:/Users/darshanchipade/.m2/repository/org/springframework/spring-orm/6.2.6/spring-orm-6.2.6.jar:/Users/darshanchipade/.m2/repository/org/springframework/spring-aspects/6.2.6/spring-aspects-6.2.6.jar:/Users/darshanchipade/.m2/repository/org/postgresql/postgresql/42.7.5/postgresql-42.7.5.jar:/Users/darshanchipade/.m2/repository/org/checkerframework/checker-qual/3.48.3/checker-qual-3.48.3.jar:/Users/darshanchipade/.m2/repository/org/hibernate/orm/hibernate-vector/6.4.4.Final/hibernate-vector-6.4.4.Final.jar:/Users/darshanchipade/.m2/repository/org/jboss/logging/jboss-logging/3.6.1.Final/jboss-logging-3.6.1.Final.jar:/Users/darshanchipade/.m2/repository/com/yugabyte/jdbc-yugabytedb/42.7.3-yb-4/jdbc-yugabytedb-42.7.3-yb-4.jar:/Users/darshanchipade/.m2/repository/org/springframework/boot/spring-boot-starter-graphql/3.4.5/spring-boot-starter-graphql-3.4.5.jar:/Users/darshanchipade/.m2/repository/org/springframework/boot/spring-boot-starter-json/3.4.5/spring-boot-starter-json-3.4.5.jar:/Users/darshanchipade/.m2/repository/com/fasterxml/jackson/datatype/jackson-datatype-jdk8/2.18.3/jackson-datatype-jdk8-2.18.3.jar:/Users/darshanchipade/.m2/repository/com/fasterxml/jackson/datatype/jackson-datatype-jsr310/2.18.3/jackson-datatype-jsr310-2.18.3.jar:/Users/darshanchipade/.m2/repository/com/fasterxml/jackson/module/jackson-module-parameter-names/2.18.3/jackson-module-parameter-names-2.18.3.jar:/Users/darshanchipade/.m2/repository/org/springframework/graphql/spring-graphql/1.3.5/spring-graphql-1.3.5.jar:/Users/darshanchipade/.m2/repository/io/micrometer/context-propagation/1.1.3/context-propagation-1.1.3.jar:/Users/darshanchipade/.m2/repository/org/springframework/boot/spring-boot-starter-web/3.4.5/spring-boot-starter-web-3.4.5.jar:/Users/darshanchipade/.m2/repository/org/springframework/boot/spring-boot-starter-tomcat/3.4.5/spring-boot-starter-tomcat-3.4.5.jar:/Users/darshanchipade/.m2/repository/org/apache/tomcat/embed/tomcat-embed-core/10.1.40/tomcat-embed-core-10.1.40.jar:/Users/darshanchipade/.m2/repository/org/apache/tomcat/embed/tomcat-embed-websocket/10.1.40/tomcat-embed-websocket-10.1.40.jar:/Users/darshanchipade/.m2/repository/org/springframework/spring-web/6.2.6/spring-web-6.2.6.jar:/Users/darshanchipade/.m2/repository/org/springframework/spring-webmvc/6.2.6/spring-webmvc-6.2.6.jar:/Users/darshanchipade/.m2/repository/org/springframework/spring-expression/6.2.6/spring-expression-6.2.6.jar:/Users/darshanchipade/.m2/repository/org/springframework/boot/spring-boot-starter-validation/3.4.5/spring-boot-starter-validation-3.4.5.jar:/Users/darshanchipade/.m2/repository/org/apache/tomcat/embed/tomcat-embed-el/10.1.40/tomcat-embed-el-10.1.40.jar:/Users/darshanchipade/.m2/repository/org/hibernate/validator/hibernate-validator/8.0.2.Final/hibernate-validator-8.0.2.Final.jar:/Users/darshanchipade/.m2/repository/jakarta/validation/jakarta.validation-api/3.0.2/jakarta.validation-api-3.0.2.jar:/Users/darshanchipade/.m2/repository/org/springframework/retry/spring-retry/2.0.11/spring-retry-2.0.11.jar:/Users/darshanchipade/.m2/repository/org/aspectj/aspectjweaver/1.9.24/aspectjweaver-1.9.24.jar:/Users/darshanchipade/.m2/repository/org/projectlombok/lombok/1.18.30/lombok-1.18.30.jar:/Users/darshanchipade/.m2/repository/org/springframework/boot/spring-boot-starter-test/3.4.5/spring-boot-starter-test-3.4.5.jar:/Users/darshanchipade/.m2/repository/org/springframework/boot/spring-boot-test/3.4.5/spring-boot-test-3.4.5.jar:/Users/darshanchipade/.m2/repository/org/springframework/boot/spring-boot-test-autoconfigure/3.4.5/spring-boot-test-autoconfigure-3.4.5.jar:/Users/darshanchipade/.m2/repository/com/jayway/jsonpath/json-path/2.9.0/json-path-2.9.0.jar:/Users/darshanchipade/.m2/repository/jakarta/xml/bind/jakarta.xml.bind-api/4.0.2/jakarta.xml.bind-api-4.0.2.jar:/Users/darshanchipade/.m2/repository/jakarta/activation/jakarta.activation-api/2.1.3/jakarta.activation-api-2.1.3.jar:/Users/darshanchipade/.m2/repository/net/minidev/json-smart/2.5.2/json-smart-2.5.2.jar:/Users/darshanchipade/.m2/repository/net/minidev/accessors-smart/2.5.2/accessors-smart-2.5.2.jar:/Users/darshanchipade/.m2/repository/org/ow2/asm/asm/9.7.1/asm-9.7.1.jar:/Users/darshanchipade/.m2/repository/org/assertj/assertj-core/3.26.3/assertj-core-3.26.3.jar:/Users/darshanchipade/.m2/repository/org/awaitility/awaitility/4.2.2/awaitility-4.2.2.jar:/Users/darshanchipade/.m2/repository/org/hamcrest/hamcrest/2.2/hamcrest-2.2.jar:/Users/darshanchipade/.m2/repository/org/junit/jupiter/junit-jupiter/5.11.4/junit-jupiter-5.11.4.jar:/Users/darshanchipade/.m2/repository/org/junit/jupiter/junit-jupiter-api/5.11.4/junit-jupiter-api-5.11.4.jar:/Users/darshanchipade/.m2/repository/org/opentest4j/opentest4j/1.3.0/opentest4j-1.3.0.jar:/Users/darshanchipade/.m2/repository/org/junit/platform/junit-platform-commons/1.11.4/junit-platform-commons-1.11.4.jar:/Users/darshanchipade/.m2/repository/org/apiguardian/apiguardian-api/1.1.2/apiguardian-api-1.1.2.jar:/Users/darshanchipade/.m2/repository/org/junit/jupiter/junit-jupiter-params/5.11.4/junit-jupiter-params-5.11.4.jar:/Users/darshanchipade/.m2/repository/org/junit/jupiter/junit-jupiter-engine/5.11.4/junit-jupiter-engine-5.11.4.jar:/Users/darshanchipade/.m2/repository/org/junit/platform/junit-platform-engine/1.11.4/junit-platform-engine-1.11.4.jar:/Users/darshanchipade/.m2/repository/org/mockito/mockito-core/5.14.2/mockito-core-5.14.2.jar:/Users/darshanchipade/.m2/repository/net/bytebuddy/byte-buddy-agent/1.15.11/byte-buddy-agent-1.15.11.jar:/Users/darshanchipade/.m2/repository/org/objenesis/objenesis/3.3/objenesis-3.3.jar:/Users/darshanchipade/.m2/repository/org/mockito/mockito-junit-jupiter/5.14.2/mockito-junit-jupiter-5.14.2.jar:/Users/darshanchipade/.m2/repository/org/skyscreamer/jsonassert/1.5.3/jsonassert-1.5.3.jar:/Users/darshanchipade/.m2/repository/com/vaadin/external/google/android-json/0.0.20131108.vaadin1/android-json-0.0.20131108.vaadin1.jar:/Users/darshanchipade/.m2/repository/org/springframework/spring-core/6.2.6/spring-core-6.2.6.jar:/Users/darshanchipade/.m2/repository/org/springframework/spring-jcl/6.2.6/spring-jcl-6.2.6.jar:/Users/darshanchipade/.m2/repository/org/springframework/spring-test/6.2.6/spring-test-6.2.6.jar:/Users/darshanchipade/.m2/repository/org/xmlunit/xmlunit-core/2.10.0/xmlunit-core-2.10.0.jar:/Users/darshanchipade/.m2/repository/org/springframework/batch/spring-batch-test/5.2.2/spring-batch-test-5.2.2.jar:/Users/darshanchipade/.m2/repository/org/springframework/spring-jdbc/6.2.6/spring-jdbc-6.2.6.jar:/Users/darshanchipade/.m2/repository/org/springframework/graphql/spring-graphql-test/1.3.5/spring-graphql-test-1.3.5.jar:/Users/darshanchipade/.m2/repository/com/graphql-java/graphql-java/22.3/graphql-java-22.3.jar:/Users/darshanchipade/.m2/repository/com/graphql-java/java-dataloader/3.3.0/java-dataloader-3.3.0.jar:/Users/darshanchipade/.m2/repository/io/projectreactor/reactor-core/3.7.5/reactor-core-3.7.5.jar:/Users/darshanchipade/.m2/repository/org/springframework/spring-context/6.2.6/spring-context-6.2.6.jar:/Users/darshanchipade/.m2/repository/io/github/resilience4j/resilience4j-spring-boot3/2.2.0/resilience4j-spring-boot3-2.2.0.jar:/Users/darshanchipade/.m2/repository/io/github/resilience4j/resilience4j-spring6/2.2.0/resilience4j-spring6-2.2.0.jar:/Users/darshanchipade/.m2/repository/io/github/resilience4j/resilience4j-annotations/2.2.0/resilience4j-annotations-2.2.0.jar:/Users/darshanchipade/.m2/repository/io/github/resilience4j/resilience4j-consumer/2.2.0/resilience4j-consumer-2.2.0.jar:/Users/darshanchipade/.m2/repository/io/github/resilience4j/resilience4j-circularbuffer/2.2.0/resilience4j-circularbuffer-2.2.0.jar:/Users/darshanchipade/.m2/repository/io/github/resilience4j/resilience4j-framework-common/2.2.0/resilience4j-framework-common-2.2.0.jar:/Users/darshanchipade/.m2/repository/io/github/resilience4j/resilience4j-micrometer/2.2.0/resilience4j-micrometer-2.2.0.jar:/Users/darshanchipade/.m2/repository/io/github/resilience4j/resilience4j-bulkhead/2.2.0/resilience4j-bulkhead-2.2.0.jar:/Users/darshanchipade/.m2/repository/io/github/resilience4j/resilience4j-circuitbreaker/2.2.0/resilience4j-circuitbreaker-2.2.0.jar:/Users/darshanchipade/.m2/repository/io/github/resilience4j/resilience4j-retry/2.2.0/resilience4j-retry-2.2.0.jar:/Users/darshanchipade/.m2/repository/io/github/resilience4j/resilience4j-timelimiter/2.2.0/resilience4j-timelimiter-2.2.0.jar:/Users/darshanchipade/.m2/repository/org/springframework/boot/spring-boot-starter-actuator/3.4.5/spring-boot-starter-actuator-3.4.5.jar:/Users/darshanchipade/.m2/repository/org/springframework/boot/spring-boot-actuator-autoconfigure/3.4.5/spring-boot-actuator-autoconfigure-3.4.5.jar:/Users/darshanchipade/.m2/repository/org/springframework/boot/spring-boot-actuator/3.4.5/spring-boot-actuator-3.4.5.jar:/Users/darshanchipade/.m2/repository/io/micrometer/micrometer-observation/1.14.6/micrometer-observation-1.14.6.jar:/Users/darshanchipade/.m2/repository/io/micrometer/micrometer-commons/1.14.6/micrometer-commons-1.14.6.jar:/Users/darshanchipade/.m2/repository/io/micrometer/micrometer-jakarta9/1.14.6/micrometer-jakarta9-1.14.6.jar:/Users/darshanchipade/.m2/repository/io/github/resilience4j/resilience4j-ratelimiter/2.2.0/resilience4j-ratelimiter-2.2.0.jar:/Users/darshanchipade/.m2/repository/io/github/resilience4j/resilience4j-core/2.2.0/resilience4j-core-2.2.0.jar:/Users/darshanchipade/.m2/repository/org/springframework/boot/spring-boot-starter-aop/3.4.5/spring-boot-starter-aop-3.4.5.jar:/Users/darshanchipade/.m2/repository/org/springframework/spring-aop/6.2.6/spring-aop-6.2.6.jar:/Users/darshanchipade/.m2/repository/com/fasterxml/jackson/core/jackson-databind/2.18.3/jackson-databind-2.18.3.jar:/Users/darshanchipade/.m2/repository/com/fasterxml/jackson/core/jackson-annotations/2.18.3/jackson-annotations-2.18.3.jar:/Users/darshanchipade/.m2/repository/com/fasterxml/jackson/core/jackson-core/2.18.3/jackson-core-2.18.3.jar:"/>
    <property name="java.vm.vendor" value="OpenLogic"/>
    <property name="sun.arch.data.model" value="64"/>
    <property name="java.vendor.url" value="https://openlogic.com/"/>
    <property name="user.timezone" value="America/Los_Angeles"/>
    <property name="org.jboss.logging.provider" value="slf4j"/>
    <property name="os.name" value="Mac OS X"/>
    <property name="java.vm.specification.version" value="21"/>
    <property name="sun.java.launcher" value="SUN_STANDARD"/>
    <property name="user.country" value="US"/>
    <property name="sun.boot.library.path" value="/Library/Java/JavaVirtualMachines/openlogic-openjdk-21.jdk/Contents/Home/lib"/>
    <property name="sun.java.command" value="/Users/darshanchipade/Documents/GitHub/springboot-multisource/target/surefire/surefirebooter-20250910151216817_3.jar /Users/darshanchipade/Documents/GitHub/springboot-multisource/target/surefire 2025-09-10T15-12-16_423-jvmRun1 surefire-20250910151216817_1tmp surefire_0-20250910151216817_2tmp"/>
    <property name="http.nonProxyHosts" value="local|*.local|169.254/16|*.169.254/16"/>
    <property name="jdk.debug" value="release"/>
    <property name="surefire.test.class.path" value="/Users/darshanchipade/Documents/GitHub/springboot-multisource/target/test-classes:/Users/darshanchipade/Documents/GitHub/springboot-multisource/target/classes:/Users/darshanchipade/.m2/repository/software/amazon/awssdk/bedrockruntime/2.31.47/bedrockruntime-2.31.47.jar:/Users/darshanchipade/.m2/repository/software/amazon/awssdk/protocol-core/2.31.47/protocol-core-2.31.47.jar:/Users/darshanchipade/.m2/repository/software/amazon/awssdk/aws-json-protocol/2.31.47/aws-json-protocol-2.31.47.jar:/Users/darshanchipade/.m2/repository/software/amazon/awssdk/third-party-jackson-core/2.31.47/third-party-jackson-core-2.31.47.jar:/Users/darshanchipade/.m2/repository/software/amazon/awssdk/http-auth-aws/2.31.47/http-auth-aws-2.31.47.jar:/Users/darshanchipade/.m2/repository/software/amazon/awssdk/sdk-core/2.31.47/sdk-core-2.31.47.jar:/Users/darshanchipade/.m2/repository/software/amazon/awssdk/retries/2.31.47/retries-2.31.47.jar:/Users/darshanchipade/.m2/repository/org/reactivestreams/reactive-streams/1.0.4/reactive-streams-1.0.4.jar:/Users/darshanchipade/.m2/repository/software/amazon/awssdk/http-auth-spi/2.31.47/http-auth-spi-2.31.47.jar:/Users/darshanchipade/.m2/repository/software/amazon/awssdk/http-auth/2.31.47/http-auth-2.31.47.jar:/Users/darshanchipade/.m2/repository/software/amazon/awssdk/identity-spi/2.31.47/identity-spi-2.31.47.jar:/Users/darshanchipade/.m2/repository/software/amazon/awssdk/http-client-spi/2.31.47/http-client-spi-2.31.47.jar:/Users/darshanchipade/.m2/repository/software/amazon/awssdk/annotations/2.31.47/annotations-2.31.47.jar:/Users/darshanchipade/.m2/repository/software/amazon/awssdk/utils/2.31.47/utils-2.31.47.jar:/Users/darshanchipade/.m2/repository/software/amazon/awssdk/aws-core/2.31.47/aws-core-2.31.47.jar:/Users/darshanchipade/.m2/repository/software/amazon/awssdk/metrics-spi/2.31.47/metrics-spi-2.31.47.jar:/Users/darshanchipade/.m2/repository/software/amazon/awssdk/json-utils/2.31.47/json-utils-2.31.47.jar:/Users/darshanchipade/.m2/repository/software/amazon/awssdk/endpoints-spi/2.31.47/endpoints-spi-2.31.47.jar:/Users/darshanchipade/.m2/repository/software/amazon/awssdk/retries-spi/2.31.47/retries-spi-2.31.47.jar:/Users/darshanchipade/.m2/repository/software/amazon/awssdk/apache-client/2.31.47/apache-client-2.31.47.jar:/Users/darshanchipade/.m2/repository/org/apache/httpcomponents/httpclient/4.5.13/httpclient-4.5.13.jar:/Users/darshanchipade/.m2/repository/commons-logging/commons-logging/1.2/commons-logging-1.2.jar:/Users/darshanchipade/.m2/repository/org/apache/httpcomponents/httpcore/4.4.16/httpcore-4.4.16.jar:/Users/darshanchipade/.m2/repository/commons-codec/commons-codec/1.17.2/commons-codec-1.17.2.jar:/Users/darshanchipade/.m2/repository/software/amazon/awssdk/netty-nio-client/2.31.47/netty-nio-client-2.31.47.jar:/Users/darshanchipade/.m2/repository/io/netty/netty-codec-http/4.1.119.Final/netty-codec-http-4.1.119.Final.jar:/Users/darshanchipade/.m2/repository/io/netty/netty-codec-http2/4.1.119.Final/netty-codec-http2-4.1.119.Final.jar:/Users/darshanchipade/.m2/repository/io/netty/netty-codec/4.1.119.Final/netty-codec-4.1.119.Final.jar:/Users/darshanchipade/.m2/repository/io/netty/netty-transport/4.1.119.Final/netty-transport-4.1.119.Final.jar:/Users/darshanchipade/.m2/repository/io/netty/netty-common/4.1.119.Final/netty-common-4.1.119.Final.jar:/Users/darshanchipade/.m2/repository/io/netty/netty-buffer/4.1.119.Final/netty-buffer-4.1.119.Final.jar:/Users/darshanchipade/.m2/repository/io/netty/netty-handler/4.1.119.Final/netty-handler-4.1.119.Final.jar:/Users/darshanchipade/.m2/repository/io/netty/netty-transport-native-unix-common/4.1.119.Final/netty-transport-native-unix-common-4.1.119.Final.jar:/Users/darshanchipade/.m2/repository/io/netty/netty-transport-classes-epoll/4.1.119.Final/netty-transport-classes-epoll-4.1.119.Final.jar:/Users/darshanchipade/.m2/repository/io/netty/netty-resolver/4.1.119.Final/netty-resolver-4.1.119.Final.jar:/Users/darshanchipade/.m2/repository/software/amazon/awssdk/s3/2.31.47/s3-2.31.47.jar:/Users/darshanchipade/.m2/repository/software/amazon/awssdk/aws-xml-protocol/2.31.47/aws-xml-protocol-2.31.47.jar:/Users/darshanchipade/.m2/repository/software/amazon/awssdk/aws-query-protocol/2.31.47/aws-query-protocol-2.31.47.jar:/Users/darshanchipade/.m2/repository/software/amazon/awssdk/arns/2.31.47/arns-2.31.47.jar:/Users/darshanchipade/.m2/repository/software/amazon/awssdk/profiles/2.31.47/profiles-2.31.47.jar:/Users/darshanchipade/.m2/repository/software/amazon/awssdk/crt-core/2.31.47/crt-core-2.31.47.jar:/Users/darshanchipade/.m2/repository/software/amazon/awssdk/checksums/2.31.47/checksums-2.31.47.jar:/Users/darshanchipade/.m2/repository/software/amazon/awssdk/checksums-spi/2.31.47/checksums-spi-2.31.47.jar:/Users/darshanchipade/.m2/repository/software/amazon/awssdk/auth/2.31.47/auth-2.31.47.jar:/Users/darshanchipade/.m2/repository/software/amazon/awssdk/http-auth-aws-eventstream/2.31.47/http-auth-aws-eventstream-2.31.47.jar:/Users/darshanchipade/.m2/repository/software/amazon/eventstream/eventstream/1.0.1/eventstream-1.0.1.jar:/Users/darshanchipade/.m2/repository/software/amazon/awssdk/regions/2.31.47/regions-2.31.47.jar:/Users/darshanchipade/.m2/repository/org/slf4j/slf4j-api/2.0.17/slf4j-api-2.0.17.jar:/Users/darshanchipade/.m2/repository/org/springframework/boot/spring-boot-starter-batch/3.4.5/spring-boot-starter-batch-3.4.5.jar:/Users/darshanchipade/.m2/repository/org/springframework/boot/spring-boot-starter/3.4.5/spring-boot-starter-3.4.5.jar:/Users/darshanchipade/.m2/repository/org/springframework/boot/spring-boot/3.4.5/spring-boot-3.4.5.jar:/Users/darshanchipade/.m2/repository/org/springframework/boot/spring-boot-autoconfigure/3.4.5/spring-boot-autoconfigure-3.4.5.jar:/Users/darshanchipade/.m2/repository/org/springframework/boot/spring-boot-starter-logging/3.4.5/spring-boot-starter-logging-3.4.5.jar:/Users/darshanchipade/.m2/repository/ch/qos/logback/logback-classic/1.5.18/logback-classic-1.5.18.jar:/Users/darshanchipade/.m2/repository/ch/qos/logback/logback-core/1.5.18/logback-core-1.5.18.jar:/Users/darshanchipade/.m2/repository/org/apache/logging/log4j/log4j-to-slf4j/2.24.3/log4j-to-slf4j-2.24.3.jar:/Users/darshanchipade/.m2/repository/org/apache/logging/log4j/log4j-api/2.24.3/log4j-api-2.24.3.jar:/Users/darshanchipade/.m2/repository/org/slf4j/jul-to-slf4j/2.0.17/jul-to-slf4j-2.0.17.jar:/Users/darshanchipade/.m2/repository/jakarta/annotation/jakarta.annotation-api/2.1.1/jakarta.annotation-api-2.1.1.jar:/Users/darshanchipade/.m2/repository/org/yaml/snakeyaml/2.3/snakeyaml-2.3.jar:/Users/darshanchipade/.m2/repository/org/springframework/boot/spring-boot-starter-jdbc/3.4.5/spring-boot-starter-jdbc-3.4.5.jar:/Users/darshanchipade/.m2/repository/com/zaxxer/HikariCP/5.1.0/HikariCP-5.1.0.jar:/Users/darshanchipade/.m2/repository/org/springframework/batch/spring-batch-core/5.2.2/spring-batch-core-5.2.2.jar:/Users/darshanchipade/.m2/repository/org/springframework/batch/spring-batch-infrastructure/5.2.2/spring-batch-infrastructure-5.2.2.jar:/Users/darshanchipade/.m2/repository/org/springframework/spring-beans/6.2.6/spring-beans-6.2.6.jar:/Users/darshanchipade/.m2/repository/org/springframework/spring-tx/6.2.6/spring-tx-6.2.6.jar:/Users/darshanchipade/.m2/repository/io/micrometer/micrometer-core/1.14.6/micrometer-core-1.14.6.jar:/Users/darshanchipade/.m2/repository/org/hdrhistogram/HdrHistogram/2.2.2/HdrHistogram-2.2.2.jar:/Users/darshanchipade/.m2/repository/org/latencyutils/LatencyUtils/2.0.3/LatencyUtils-2.0.3.jar:/Users/darshanchipade/.m2/repository/org/springframework/data/spring-data-commons/3.4.5/spring-data-commons-3.4.5.jar:/Users/darshanchipade/.m2/repository/org/springframework/boot/spring-boot-starter-data-jpa/3.4.5/spring-boot-starter-data-jpa-3.4.5.jar:/Users/darshanchipade/.m2/repository/org/hibernate/orm/hibernate-core/6.6.13.Final/hibernate-core-6.6.13.Final.jar:/Users/darshanchipade/.m2/repository/jakarta/persistence/jakarta.persistence-api/3.1.0/jakarta.persistence-api-3.1.0.jar:/Users/darshanchipade/.m2/repository/jakarta/transaction/jakarta.transaction-api/2.0.1/jakarta.transaction-api-2.0.1.jar:/Users/darshanchipade/.m2/repository/org/hibernate/common/hibernate-commons-annotations/7.0.3.Final/hibernate-commons-annotations-7.0.3.Final.jar:/Users/darshanchipade/.m2/repository/io/smallrye/jandex/3.2.0/jandex-3.2.0.jar:/Users/darshanchipade/.m2/repository/com/fasterxml/classmate/1.7.0/classmate-1.7.0.jar:/Users/darshanchipade/.m2/repository/net/bytebuddy/byte-buddy/1.15.11/byte-buddy-1.15.11.jar:/Users/darshanchipade/.m2/repository/org/glassfish/jaxb/jaxb-runtime/4.0.5/jaxb-runtime-4.0.5.jar:/Users/darshanchipade/.m2/repository/org/glassfish/jaxb/jaxb-core/4.0.5/jaxb-core-4.0.5.jar:/Users/darshanchipade/.m2/repository/org/eclipse/angus/angus-activation/2.0.2/angus-activation-2.0.2.jar:/Users/darshanchipade/.m2/repository/org/glassfish/jaxb/txw2/4.0.5/txw2-4.0.5.jar:/Users/darshanchipade/.m2/repository/com/sun/istack/istack-commons-runtime/4.1.2/istack-commons-runtime-4.1.2.jar:/Users/darshanchipade/.m2/repository/jakarta/inject/jakarta.inject-api/2.0.1/jakarta.inject-api-2.0.1.jar:/Users/darshanchipade/.m2/repository/org/antlr/antlr4-runtime/4.13.0/antlr4-runtime-4.13.0.jar:/Users/darshanchipade/.m2/repository/org/springframework/data/spring-data-jpa/3.4.5/spring-data-jpa-3.4.5.jar:/Users/darshanchipade/.m2/repository/org/springframework/spring-orm/6.2.6/spring-orm-6.2.6.jar:/Users/darshanchipade/.m2/repository/org/springframework/spring-aspects/6.2.6/spring-aspects-6.2.6.jar:/Users/darshanchipade/.m2/repository/org/postgresql/postgresql/42.7.5/postgresql-42.7.5.jar:/Users/darshanchipade/.m2/repository/org/checkerframework/checker-qual/3.48.3/checker-qual-3.48.3.jar:/Users/darshanchipade/.m2/repository/org/hibernate/orm/hibernate-vector/6.4.4.Final/hibernate-vector-6.4.4.Final.jar:/Users/darshanchipade/.m2/repository/org/jboss/logging/jboss-logging/3.6.1.Final/jboss-logging-3.6.1.Final.jar:/Users/darshanchipade/.m2/repository/com/yugabyte/jdbc-yugabytedb/42.7.3-yb-4/jdbc-yugabytedb-42.7.3-yb-4.jar:/Users/darshanchipade/.m2/repository/org/springframework/boot/spring-boot-starter-graphql/3.4.5/spring-boot-starter-graphql-3.4.5.jar:/Users/darshanchipade/.m2/repository/org/springframework/boot/spring-boot-starter-json/3.4.5/spring-boot-starter-json-3.4.5.jar:/Users/darshanchipade/.m2/repository/com/fasterxml/jackson/datatype/jackson-datatype-jdk8/2.18.3/jackson-datatype-jdk8-2.18.3.jar:/Users/darshanchipade/.m2/repository/com/fasterxml/jackson/datatype/jackson-datatype-jsr310/2.18.3/jackson-datatype-jsr310-2.18.3.jar:/Users/darshanchipade/.m2/repository/com/fasterxml/jackson/module/jackson-module-parameter-names/2.18.3/jackson-module-parameter-names-2.18.3.jar:/Users/darshanchipade/.m2/repository/org/springframework/graphql/spring-graphql/1.3.5/spring-graphql-1.3.5.jar:/Users/darshanchipade/.m2/repository/io/micrometer/context-propagation/1.1.3/context-propagation-1.1.3.jar:/Users/darshanchipade/.m2/repository/org/springframework/boot/spring-boot-starter-web/3.4.5/spring-boot-starter-web-3.4.5.jar:/Users/darshanchipade/.m2/repository/org/springframework/boot/spring-boot-starter-tomcat/3.4.5/spring-boot-starter-tomcat-3.4.5.jar:/Users/darshanchipade/.m2/repository/org/apache/tomcat/embed/tomcat-embed-core/10.1.40/tomcat-embed-core-10.1.40.jar:/Users/darshanchipade/.m2/repository/org/apache/tomcat/embed/tomcat-embed-websocket/10.1.40/tomcat-embed-websocket-10.1.40.jar:/Users/darshanchipade/.m2/repository/org/springframework/spring-web/6.2.6/spring-web-6.2.6.jar:/Users/darshanchipade/.m2/repository/org/springframework/spring-webmvc/6.2.6/spring-webmvc-6.2.6.jar:/Users/darshanchipade/.m2/repository/org/springframework/spring-expression/6.2.6/spring-expression-6.2.6.jar:/Users/darshanchipade/.m2/repository/org/springframework/boot/spring-boot-starter-validation/3.4.5/spring-boot-starter-validation-3.4.5.jar:/Users/darshanchipade/.m2/repository/org/apache/tomcat/embed/tomcat-embed-el/10.1.40/tomcat-embed-el-10.1.40.jar:/Users/darshanchipade/.m2/repository/org/hibernate/validator/hibernate-validator/8.0.2.Final/hibernate-validator-8.0.2.Final.jar:/Users/darshanchipade/.m2/repository/jakarta/validation/jakarta.validation-api/3.0.2/jakarta.validation-api-3.0.2.jar:/Users/darshanchipade/.m2/repository/org/springframework/retry/spring-retry/2.0.11/spring-retry-2.0.11.jar:/Users/darshanchipade/.m2/repository/org/aspectj/aspectjweaver/1.9.24/aspectjweaver-1.9.24.jar:/Users/darshanchipade/.m2/repository/org/projectlombok/lombok/1.18.30/lombok-1.18.30.jar:/Users/darshanchipade/.m2/repository/org/springframework/boot/spring-boot-starter-test/3.4.5/spring-boot-starter-test-3.4.5.jar:/Users/darshanchipade/.m2/repository/org/springframework/boot/spring-boot-test/3.4.5/spring-boot-test-3.4.5.jar:/Users/darshanchipade/.m2/repository/org/springframework/boot/spring-boot-test-autoconfigure/3.4.5/spring-boot-test-autoconfigure-3.4.5.jar:/Users/darshanchipade/.m2/repository/com/jayway/jsonpath/json-path/2.9.0/json-path-2.9.0.jar:/Users/darshanchipade/.m2/repository/jakarta/xml/bind/jakarta.xml.bind-api/4.0.2/jakarta.xml.bind-api-4.0.2.jar:/Users/darshanchipade/.m2/repository/jakarta/activation/jakarta.activation-api/2.1.3/jakarta.activation-api-2.1.3.jar:/Users/darshanchipade/.m2/repository/net/minidev/json-smart/2.5.2/json-smart-2.5.2.jar:/Users/darshanchipade/.m2/repository/net/minidev/accessors-smart/2.5.2/accessors-smart-2.5.2.jar:/Users/darshanchipade/.m2/repository/org/ow2/asm/asm/9.7.1/asm-9.7.1.jar:/Users/darshanchipade/.m2/repository/org/assertj/assertj-core/3.26.3/assertj-core-3.26.3.jar:/Users/darshanchipade/.m2/repository/org/awaitility/awaitility/4.2.2/awaitility-4.2.2.jar:/Users/darshanchipade/.m2/repository/org/hamcrest/hamcrest/2.2/hamcrest-2.2.jar:/Users/darshanchipade/.m2/repository/org/junit/jupiter/junit-jupiter/5.11.4/junit-jupiter-5.11.4.jar:/Users/darshanchipade/.m2/repository/org/junit/jupiter/junit-jupiter-api/5.11.4/junit-jupiter-api-5.11.4.jar:/Users/darshanchipade/.m2/repository/org/opentest4j/opentest4j/1.3.0/opentest4j-1.3.0.jar:/Users/darshanchipade/.m2/repository/org/junit/platform/junit-platform-commons/1.11.4/junit-platform-commons-1.11.4.jar:/Users/darshanchipade/.m2/repository/org/apiguardian/apiguardian-api/1.1.2/apiguardian-api-1.1.2.jar:/Users/darshanchipade/.m2/repository/org/junit/jupiter/junit-jupiter-params/5.11.4/junit-jupiter-params-5.11.4.jar:/Users/darshanchipade/.m2/repository/org/junit/jupiter/junit-jupiter-engine/5.11.4/junit-jupiter-engine-5.11.4.jar:/Users/darshanchipade/.m2/repository/org/junit/platform/junit-platform-engine/1.11.4/junit-platform-engine-1.11.4.jar:/Users/darshanchipade/.m2/repository/org/mockito/mockito-core/5.14.2/mockito-core-5.14.2.jar:/Users/darshanchipade/.m2/repository/net/bytebuddy/byte-buddy-agent/1.15.11/byte-buddy-agent-1.15.11.jar:/Users/darshanchipade/.m2/repository/org/objenesis/objenesis/3.3/objenesis-3.3.jar:/Users/darshanchipade/.m2/repository/org/mockito/mockito-junit-jupiter/5.14.2/mockito-junit-jupiter-5.14.2.jar:/Users/darshanchipade/.m2/repository/org/skyscreamer/jsonassert/1.5.3/jsonassert-1.5.3.jar:/Users/darshanchipade/.m2/repository/com/vaadin/external/google/android-json/0.0.20131108.vaadin1/android-json-0.0.20131108.vaadin1.jar:/Users/darshanchipade/.m2/repository/org/springframework/spring-core/6.2.6/spring-core-6.2.6.jar:/Users/darshanchipade/.m2/repository/org/springframework/spring-jcl/6.2.6/spring-jcl-6.2.6.jar:/Users/darshanchipade/.m2/repository/org/springframework/spring-test/6.2.6/spring-test-6.2.6.jar:/Users/darshanchipade/.m2/repository/org/xmlunit/xmlunit-core/2.10.0/xmlunit-core-2.10.0.jar:/Users/darshanchipade/.m2/repository/org/springframework/batch/spring-batch-test/5.2.2/spring-batch-test-5.2.2.jar:/Users/darshanchipade/.m2/repository/org/springframework/spring-jdbc/6.2.6/spring-jdbc-6.2.6.jar:/Users/darshanchipade/.m2/repository/org/springframework/graphql/spring-graphql-test/1.3.5/spring-graphql-test-1.3.5.jar:/Users/darshanchipade/.m2/repository/com/graphql-java/graphql-java/22.3/graphql-java-22.3.jar:/Users/darshanchipade/.m2/repository/com/graphql-java/java-dataloader/3.3.0/java-dataloader-3.3.0.jar:/Users/darshanchipade/.m2/repository/io/projectreactor/reactor-core/3.7.5/reactor-core-3.7.5.jar:/Users/darshanchipade/.m2/repository/org/springframework/spring-context/6.2.6/spring-context-6.2.6.jar:/Users/darshanchipade/.m2/repository/io/github/resilience4j/resilience4j-spring-boot3/2.2.0/resilience4j-spring-boot3-2.2.0.jar:/Users/darshanchipade/.m2/repository/io/github/resilience4j/resilience4j-spring6/2.2.0/resilience4j-spring6-2.2.0.jar:/Users/darshanchipade/.m2/repository/io/github/resilience4j/resilience4j-annotations/2.2.0/resilience4j-annotations-2.2.0.jar:/Users/darshanchipade/.m2/repository/io/github/resilience4j/resilience4j-consumer/2.2.0/resilience4j-consumer-2.2.0.jar:/Users/darshanchipade/.m2/repository/io/github/resilience4j/resilience4j-circularbuffer/2.2.0/resilience4j-circularbuffer-2.2.0.jar:/Users/darshanchipade/.m2/repository/io/github/resilience4j/resilience4j-framework-common/2.2.0/resilience4j-framework-common-2.2.0.jar:/Users/darshanchipade/.m2/repository/io/github/resilience4j/resilience4j-micrometer/2.2.0/resilience4j-micrometer-2.2.0.jar:/Users/darshanchipade/.m2/repository/io/github/resilience4j/resilience4j-bulkhead/2.2.0/resilience4j-bulkhead-2.2.0.jar:/Users/darshanchipade/.m2/repository/io/github/resilience4j/resilience4j-circuitbreaker/2.2.0/resilience4j-circuitbreaker-2.2.0.jar:/Users/darshanchipade/.m2/repository/io/github/resilience4j/resilience4j-retry/2.2.0/resilience4j-retry-2.2.0.jar:/Users/darshanchipade/.m2/repository/io/github/resilience4j/resilience4j-timelimiter/2.2.0/resilience4j-timelimiter-2.2.0.jar:/Users/darshanchipade/.m2/repository/org/springframework/boot/spring-boot-starter-actuator/3.4.5/spring-boot-starter-actuator-3.4.5.jar:/Users/darshanchipade/.m2/repository/org/springframework/boot/spring-boot-actuator-autoconfigure/3.4.5/spring-boot-actuator-autoconfigure-3.4.5.jar:/Users/darshanchipade/.m2/repository/org/springframework/boot/spring-boot-actuator/3.4.5/spring-boot-actuator-3.4.5.jar:/Users/darshanchipade/.m2/repository/io/micrometer/micrometer-observation/1.14.6/micrometer-observation-1.14.6.jar:/Users/darshanchipade/.m2/repository/io/micrometer/micrometer-commons/1.14.6/micrometer-commons-1.14.6.jar:/Users/darshanchipade/.m2/repository/io/micrometer/micrometer-jakarta9/1.14.6/micrometer-jakarta9-1.14.6.jar:/Users/darshanchipade/.m2/repository/io/github/resilience4j/resilience4j-ratelimiter/2.2.0/resilience4j-ratelimiter-2.2.0.jar:/Users/darshanchipade/.m2/repository/io/github/resilience4j/resilience4j-core/2.2.0/resilience4j-core-2.2.0.jar:/Users/darshanchipade/.m2/repository/org/springframework/boot/spring-boot-starter-aop/3.4.5/spring-boot-starter-aop-3.4.5.jar:/Users/darshanchipade/.m2/repository/org/springframework/spring-aop/6.2.6/spring-aop-6.2.6.jar:/Users/darshanchipade/.m2/repository/com/fasterxml/jackson/core/jackson-databind/2.18.3/jackson-databind-2.18.3.jar:/Users/darshanchipade/.m2/repository/com/fasterxml/jackson/core/jackson-annotations/2.18.3/jackson-annotations-2.18.3.jar:/Users/darshanchipade/.m2/repository/com/fasterxml/jackson/core/jackson-core/2.18.3/jackson-core-2.18.3.jar:"/>
    <property name="sun.cpu.endian" value="little"/>
    <property name="user.home" value="/Users/darshanchipade"/>
    <property name="user.language" value="en"/>
    <property name="java.specification.vendor" value="Oracle Corporation"/>
    <property name="java.version.date" value="2025-07-15"/>
    <property name="java.home" value="/Library/Java/JavaVirtualMachines/openlogic-openjdk-21.jdk/Contents/Home"/>
    <property name="file.separator" value="/"/>
    <property name="basedir" value="/Users/darshanchipade/Documents/GitHub/springboot-multisource"/>
    <property name="java.vm.compressedOopsMode" value="Zero based"/>
    <property name="line.separator" value="&#10;"/>
    <property name="java.vm.specification.vendor" value="Oracle Corporation"/>
    <property name="java.specification.name" value="Java Platform API Specification"/>
    <property name="FILE_LOG_CHARSET" value="UTF-8"/>
    <property name="java.awt.headless" value="true"/>
    <property name="apple.awt.application.name" value="ForkedBooter"/>
    <property name="surefire.real.class.path" value="/Users/darshanchipade/Documents/GitHub/springboot-multisource/target/surefire/surefirebooter-20250910151216817_3.jar"/>
    <property name="sun.management.compiler" value="HotSpot 64-Bit Tiered Compilers"/>
    <property name="ftp.nonProxyHosts" value="local|*.local|169.254/16|*.169.254/16"/>
    <property name="java.runtime.version" value="21.0.8+9-adhoc.admin.jdk21u"/>
    <property name="user.name" value="darshanchipade"/>
    <property name="stdout.encoding" value="UTF-8"/>
    <property name="path.separator" value=":"/>
    <property name="os.version" value="14.4"/>
    <property name="java.runtime.name" value="OpenJDK Runtime Environment"/>
    <property name="file.encoding" value="UTF-8"/>
    <property name="java.vm.name" value="OpenJDK 64-Bit Server VM"/>
    <property name="java.vendor.version" value="OpenLogic-OpenJDK"/>
    <property name="localRepository" value="/Users/darshanchipade/.m2/repository"/>
    <property name="java.vendor.url.bug" value="https://techsupport.roguewave.com/"/>
    <property name="java.io.tmpdir" value="/var/folders/_j/h196lf95227_fz_vldbzjdx80000gn/T/"/>
    <property name="com.zaxxer.hikari.pool_number" value="1"/>
    <property name="java.version" value="21.0.8"/>
    <property name="user.dir" value="/Users/darshanchipade/Documents/GitHub/springboot-multisource"/>
    <property name="os.arch" value="x86_64"/>
    <property name="java.vm.specification.name" value="Java Virtual Machine Specification"/>
    <property name="PID" value="95963"/>
    <property name="CONSOLE_LOG_CHARSET" value="UTF-8"/>
    <property name="native.encoding" value="UTF-8"/>
    <property name="java.library.path" value="/Users/darshanchipade/Library/Java/Extensions:/Library/Java/Extensions:/Network/Library/Java/Extensions:/System/Library/Java/Extensions:/usr/lib/java:."/>
    <property name="java.vm.info" value="mixed mode, sharing"/>
    <property name="stderr.encoding" value="UTF-8"/>
    <property name="java.vendor" value="OpenLogic"/>
    <property name="java.vm.version" value="21.0.8+9-adhoc.admin.jdk21u"/>
    <property name="sun.io.unicode.encoding" value="UnicodeBig"/>
    <property name="socksNonProxyHosts" value="local|*.local|169.254/16|*.169.254/16"/>
    <property name="java.class.version" value="65.0"/>
  </properties>
  <testcase name="contextLoads" classname="com.apple.springboot.SpringbootApplicationTests" time="0.969">
    <system-out><![CDATA[Standard Commons Logging discovery in action with spring-jcl: please remove commons-logging.jar from classpath in order to avoid potential conflicts
15:12:18.616 [main] INFO org.springframework.test.context.support.AnnotationConfigContextLoaderUtils -- Could not detect default configuration classes for test class [com.apple.springboot.SpringbootApplicationTests]: SpringbootApplicationTests does not declare any static, non-private, non-final, nested classes annotated with @Configuration.
15:12:18.850 [main] INFO org.springframework.boot.test.context.SpringBootTestContextBootstrapper -- Found @SpringBootConfiguration com.apple.springboot.SpringbootApplication for test class com.apple.springboot.SpringbootApplicationTests

  .   ____          _            __ _ _
 /\\ / ___'_ __ _ _(_)_ __  __ _ \ \ \ \
( ( )\___ | '_ | '_| | '_ \/ _` | \ \ \ \
 \\/  ___)| |_)| | | | | || (_| |  ) ) ) )
  '  |____| .__|_| |_|_| |_\__, | / / / /
 =========|_|==============|___/=/_/_/_/

 :: Spring Boot ::                (v3.4.5)

2025-09-10T15:12:19.674-07:00  INFO 95963 --- [           main] c.a.s.SpringbootApplicationTests         : Starting SpringbootApplicationTests using Java 21.0.8 with PID 95963 (started by darshanchipade in /Users/darshanchipade/Documents/GitHub/springboot-multisource)
2025-09-10T15:12:19.676-07:00 DEBUG 95963 --- [           main] c.a.s.SpringbootApplicationTests         : Running with Spring Boot v3.4.5, Spring v6.2.6
2025-09-10T15:12:19.677-07:00  INFO 95963 --- [           main] c.a.s.SpringbootApplicationTests         : No active profile set, falling back to 1 default profile: "default"
2025-09-10T15:12:21.524-07:00  INFO 95963 --- [           main] .s.d.r.c.RepositoryConfigurationDelegate : Bootstrapping Spring Data JPA repositories in DEFAULT mode.
2025-09-10T15:12:21.780-07:00  INFO 95963 --- [           main] .s.d.r.c.RepositoryConfigurationDelegate : Finished Spring Data repository scanning in 215 ms. Found 6 JPA repository interfaces.
2025-09-10T15:12:24.656-07:00  INFO 95963 --- [           main] o.hibernate.jpa.internal.util.LogHelper  : HHH000204: Processing PersistenceUnitInfo [name: default]
2025-09-10T15:12:24.708-07:00  INFO 95963 --- [           main] org.hibernate.Version                    : HHH000412: Hibernate ORM core version 6.6.13.Final
2025-09-10T15:12:24.740-07:00  INFO 95963 --- [           main] o.h.c.internal.RegionFactoryInitiator    : HHH000026: Second-level cache disabled
2025-09-10T15:12:24.870-07:00  INFO 95963 --- [           main] com.zaxxer.hikari.HikariDataSource       : HikariPool-1 - Starting...
2025-09-10T15:12:25.010-07:00  INFO 95963 --- [           main] com.zaxxer.hikari.pool.HikariPool        : HikariPool-1 - Added connection org.postgresql.jdbc.PgConnection@229cb4d8
2025-09-10T15:12:25.011-07:00  INFO 95963 --- [           main] com.zaxxer.hikari.HikariDataSource       : HikariPool-1 - Start completed.
2025-09-10T15:12:25.076-07:00  WARN 95963 --- [           main] org.hibernate.orm.deprecation            : HHH90000025: PostgreSQLDialect does not need to be specified explicitly using 'hibernate.dialect' (remove the property setting and it will be selected by default)
2025-09-10T15:12:25.099-07:00  INFO 95963 --- [           main] org.hibernate.orm.connections.pooling    : HHH10001005: Database info:
	Database JDBC URL [Connecting through datasource 'HikariDataSource (HikariPool-1)']
	Database driver: undefined/unknown
	Database version: 15.12
	Autocommit mode: undefined/unknown
	Isolation level: undefined/unknown
	Minimum pool size: undefined/unknown
	Maximum pool size: undefined/unknown
2025-09-10T15:12:25.437-07:00  INFO 95963 --- [           main] o.s.o.j.p.SpringPersistenceUnitInfo      : No LoadTimeWeaver setup: ignoring JPA class transformer
2025-09-10T15:12:27.470-07:00  INFO 95963 --- [           main] o.h.e.t.j.p.i.JtaPlatformInitiator       : HHH000489: No JTA platform available (set 'hibernate.transaction.jta.platform' to enable JTA platform integration)
2025-09-10T15:12:27.712-07:00  INFO 95963 --- [           main] j.LocalContainerEntityManagerFactoryBean : Initialized JPA EntityManagerFactory for persistence unit 'default'
2025-09-10T15:12:29.465-07:00  INFO 95963 --- [           main] c.a.springboot.service.S3StorageService  : Initializing S3Client for region: us-east-2
2025-09-10T15:12:30.128-07:00  INFO 95963 --- [           main] c.a.springboot.service.S3StorageService  : S3Client initialized successfully for region: us-east-2
2025-09-10T15:12:31.168-07:00  INFO 95963 --- [           main] c.a.s.service.BedrockEnrichmentService   : BedrockEnrichmentService initialized with region: us-east-1 and model ID: anthropic.claude-3-5-sonnet-20240620-v1:0
2025-09-10T15:12:33.029-07:00  WARN 95963 --- [           main] JpaBaseConfiguration$JpaWebConfiguration : spring.jpa.open-in-view is enabled by default. Therefore, database queries may be performed during view rendering. Explicitly configure spring.jpa.open-in-view to disable this warning
2025-09-10T15:12:34.494-07:00  INFO 95963 --- [           main] efaultSchemaResourceGraphQlSourceBuilder : Loaded 1 resource(s) in the GraphQL schema.
2025-09-10T15:12:34.697-07:00  INFO 95963 --- [           main] o.s.b.a.g.GraphQlAutoConfiguration       : GraphQL schema inspection:
	Unmapped fields: {Query=[search]}
	Unmapped registrations: {}
	Unmapped arguments: {}
	Skipped types: []
2025-09-10T15:12:34.819-07:00  INFO 95963 --- [           main] s.b.a.g.s.GraphQlWebMvcAutoConfiguration : GraphQL endpoint HTTP POST /graphql
2025-09-10T15:12:38.218-07:00  INFO 95963 --- [           main] o.s.b.a.e.web.EndpointLinksResolver      : Exposing 1 endpoint beneath base path '/actuator'
2025-09-10T15:12:38.547-07:00  INFO 95963 --- [           main] c.a.s.SpringbootApplicationTests         : Started SpringbootApplicationTests in 19.497 seconds (process running for 21.587)
2025-09-10T15:12:38.741-07:00  INFO 95963 --- [           main] o.s.b.a.b.JobLauncherApplicationRunner   : Running default command line with: []
]]></system-out>
    <system-err><![CDATA[Mockito is currently self-attaching to enable the inline-mock-maker. This will no longer work in future releases of the JDK. Please add Mockito as an agent to your build what is described in Mockito's documentation: https://javadoc.io/doc/org.mockito/mockito-core/latest/org/mockito/Mockito.html#0.3
WARNING: A Java agent has been loaded dynamically (/Users/darshanchipade/.m2/repository/net/bytebuddy/byte-buddy-agent/1.15.11/byte-buddy-agent-1.15.11.jar)
WARNING: If a serviceability tool is in use, please run with -XX:+EnableDynamicAgentLoading to hide this warning
WARNING: If a serviceability tool is not in use, please run with -Djdk.instrument.traceUsage for more information
WARNING: Dynamic loading of agents will be disallowed by default in a future release
]]></system-err>
  </testcase>
</testsuite>